<?xml version="1.0" encoding="UTF-8"?>
<robot generator="Robot 7.1.1 (Python 3.13.1 on win32)" generated="2025-01-10T23:35:21.430000" rpa="false" schemaversion="5">
<suite id="s1" name="Lab7v" source="D:\KKU College of Computing\Software Engineering\RobotTest\WebDemo-master-1\webdemo-master_653380347-4\login_tests\Lab7v.robot">
<test id="s1-t1" name="UAT-Lab7-001: กรอกข้อมูลครบถ้วน" line="67">
<kw name="Open Browser To Form Page">
<kw name="Set Selenium Speed" owner="SeleniumLibrary">
<arg>${DELAY}</arg>
<doc>Sets the delay that is waited after each Selenium command.</doc>
<status status="PASS" start="2025-01-10T23:35:21.725805" elapsed="0.000207"/>
</kw>
<kw name="Evaluate" owner="BuiltIn">
<msg time="2025-01-10T23:35:21.726362" level="INFO">${chrome_options} = &lt;selenium.webdriver.chrome.options.Options object at 0x00000258159ED2B0&gt;</msg>
<var>${chrome_options}</var>
<arg>sys.modules['selenium.webdriver'].ChromeOptions()</arg>
<arg>sys</arg>
<doc>Evaluates the given expression in Python and returns the result.</doc>
<status status="PASS" start="2025-01-10T23:35:21.726140" elapsed="0.000248"/>
</kw>
<kw name="Call Method" owner="BuiltIn">
<arg>${chrome_options}</arg>
<arg>add_argument</arg>
<arg>--no-sandbox</arg>
<doc>Calls the named method of the given object with the provided arguments.</doc>
<status status="PASS" start="2025-01-10T23:35:21.726486" elapsed="0.000110"/>
</kw>
<kw name="Set Variable" owner="BuiltIn">
<msg time="2025-01-10T23:35:21.726793" level="INFO">${chrome_options.binary_location} = D:\KKU College of Computing\Software Engineering\RobotTest\WebDemo-master-1\webdemo-master_653380347-4\login_tests\Chrome\chrome.exe</msg>
<var>${chrome_options.binary_location}</var>
<arg>${CHROME_BROWSER_PATH}</arg>
<doc>Returns the given values which can then be assigned to a variables.</doc>
<status status="PASS" start="2025-01-10T23:35:21.726669" elapsed="0.000145"/>
</kw>
<kw name="Evaluate" owner="BuiltIn">
<msg time="2025-01-10T23:35:21.727389" level="INFO">${service} = &lt;selenium.webdriver.chrome.service.Service object at 0x00000258159ED160&gt;</msg>
<var>${service}</var>
<arg>sys.modules["selenium.webdriver.chrome.service"].Service(executable_path=r"${CHROME_DRIVER_PATH}")</arg>
<doc>Evaluates the given expression in Python and returns the result.</doc>
<status status="PASS" start="2025-01-10T23:35:21.726881" elapsed="0.000536"/>
</kw>
<kw name="Create Webdriver" owner="SeleniumLibrary">
<msg time="2025-01-10T23:35:21.727771" level="INFO">Creating an instance of the Chrome WebDriver.</msg>
<msg time="2025-01-10T23:35:21.727938" level="INFO">Cannot capture screenshot because no browser is open.</msg>
<msg time="2025-01-10T23:35:21.728048" level="FAIL">NoSuchDriverException: Message: Unable to obtain driver for chrome; For documentation on this error, please visit: https://www.selenium.dev/documentation/webdriver/troubleshooting/errors/driver_location
</msg>
<arg>Chrome</arg>
<arg>options=${chrome_options}</arg>
<arg>service=${service}</arg>
<doc>Creates an instance of Selenium WebDriver.</doc>
<status status="FAIL" start="2025-01-10T23:35:21.727549" elapsed="0.079077">NoSuchDriverException: Message: Unable to obtain driver for chrome; For documentation on this error, please visit: https://www.selenium.dev/documentation/webdriver/troubleshooting/errors/driver_location
</status>
</kw>
<kw name="Go To" owner="SeleniumLibrary">
<arg>${FORMURL}</arg>
<doc>Navigates the current browser window to the provided ``url``.</doc>
<status status="NOT RUN" start="2025-01-10T23:35:21.806812" elapsed="0.000024"/>
</kw>
<kw name="Form Page Should Be Open">
<status status="NOT RUN" start="2025-01-10T23:35:21.806973" elapsed="0.000023"/>
</kw>
<status status="FAIL" start="2025-01-10T23:35:21.725270" elapsed="0.081831">NoSuchDriverException: Message: Unable to obtain driver for chrome; For documentation on this error, please visit: https://www.selenium.dev/documentation/webdriver/troubleshooting/errors/driver_location
</status>
</kw>
<kw name="Input Fname">
<arg>${fname}</arg>
<status status="NOT RUN" start="2025-01-10T23:35:21.807464" elapsed="0.000040"/>
</kw>
<kw name="Input Lname">
<arg>${lname}</arg>
<status status="NOT RUN" start="2025-01-10T23:35:21.807672" elapsed="0.000024"/>
</kw>
<kw name="Input Destination">
<arg>${destination}</arg>
<status status="NOT RUN" start="2025-01-10T23:35:21.807830" elapsed="0.000019"/>
</kw>
<kw name="Input Contact">
<arg>${contact}</arg>
<status status="NOT RUN" start="2025-01-10T23:35:21.807962" elapsed="0.000017"/>
</kw>
<kw name="Input Relationship">
<arg>${relationship}</arg>
<status status="NOT RUN" start="2025-01-10T23:35:21.808084" elapsed="0.000016"/>
</kw>
<kw name="Input Email">
<arg>${email}</arg>
<status status="NOT RUN" start="2025-01-10T23:35:21.808199" elapsed="0.000015"/>
</kw>
<kw name="Input Phone">
<arg>${phone}</arg>
<status status="NOT RUN" start="2025-01-10T23:35:21.808313" elapsed="0.000016"/>
</kw>
<kw name="Submit Form">
<status status="NOT RUN" start="2025-01-10T23:35:21.808430" elapsed="0.000017"/>
</kw>
<kw name="Complete Page Should Be Open">
<status status="NOT RUN" start="2025-01-10T23:35:21.808600" elapsed="0.000018"/>
</kw>
<status status="FAIL" start="2025-01-10T23:35:21.724294" elapsed="0.084487">NoSuchDriverException: Message: Unable to obtain driver for chrome; For documentation on this error, please visit: https://www.selenium.dev/documentation/webdriver/troubleshooting/errors/driver_location
</status>
</test>
<test id="s1-t2" name="UAT-Lab7-002: กรอกข้อมูลไม่ครบถ้วน" line="79">
<kw name="Open Browser To Form Page">
<kw name="Set Selenium Speed" owner="SeleniumLibrary">
<arg>${DELAY}</arg>
<doc>Sets the delay that is waited after each Selenium command.</doc>
<status status="PASS" start="2025-01-10T23:35:21.810343" elapsed="0.000174"/>
</kw>
<kw name="Evaluate" owner="BuiltIn">
<msg time="2025-01-10T23:35:21.810920" level="INFO">${chrome_options} = &lt;selenium.webdriver.chrome.options.Options object at 0x0000025815A11450&gt;</msg>
<var>${chrome_options}</var>
<arg>sys.modules['selenium.webdriver'].ChromeOptions()</arg>
<arg>sys</arg>
<doc>Evaluates the given expression in Python and returns the result.</doc>
<status status="PASS" start="2025-01-10T23:35:21.810617" elapsed="0.000328"/>
</kw>
<kw name="Call Method" owner="BuiltIn">
<arg>${chrome_options}</arg>
<arg>add_argument</arg>
<arg>--no-sandbox</arg>
<doc>Calls the named method of the given object with the provided arguments.</doc>
<status status="PASS" start="2025-01-10T23:35:21.811041" elapsed="0.000097"/>
</kw>
<kw name="Set Variable" owner="BuiltIn">
<msg time="2025-01-10T23:35:21.811628" level="INFO">${chrome_options.binary_location} = D:\KKU College of Computing\Software Engineering\RobotTest\WebDemo-master-1\webdemo-master_653380347-4\login_tests\Chrome\chrome.exe</msg>
<var>${chrome_options.binary_location}</var>
<arg>${CHROME_BROWSER_PATH}</arg>
<doc>Returns the given values which can then be assigned to a variables.</doc>
<status status="PASS" start="2025-01-10T23:35:21.811211" elapsed="0.000440"/>
</kw>
<kw name="Evaluate" owner="BuiltIn">
<msg time="2025-01-10T23:35:21.812197" level="INFO">${service} = &lt;selenium.webdriver.chrome.service.Service object at 0x00000258153F0F50&gt;</msg>
<var>${service}</var>
<arg>sys.modules["selenium.webdriver.chrome.service"].Service(executable_path=r"${CHROME_DRIVER_PATH}")</arg>
<doc>Evaluates the given expression in Python and returns the result.</doc>
<status status="PASS" start="2025-01-10T23:35:21.811746" elapsed="0.000474"/>
</kw>
<kw name="Create Webdriver" owner="SeleniumLibrary">
<msg time="2025-01-10T23:35:21.812464" level="INFO">Creating an instance of the Chrome WebDriver.</msg>
<msg time="2025-01-10T23:35:21.812606" level="INFO">Cannot capture screenshot because no browser is open.</msg>
<msg time="2025-01-10T23:35:21.812685" level="FAIL">NoSuchDriverException: Message: Unable to obtain driver for chrome; For documentation on this error, please visit: https://www.selenium.dev/documentation/webdriver/troubleshooting/errors/driver_location
</msg>
<arg>Chrome</arg>
<arg>options=${chrome_options}</arg>
<arg>service=${service}</arg>
<doc>Creates an instance of Selenium WebDriver.</doc>
<status status="FAIL" start="2025-01-10T23:35:21.812318" elapsed="0.001481">NoSuchDriverException: Message: Unable to obtain driver for chrome; For documentation on this error, please visit: https://www.selenium.dev/documentation/webdriver/troubleshooting/errors/driver_location
</status>
</kw>
<kw name="Go To" owner="SeleniumLibrary">
<arg>${FORMURL}</arg>
<doc>Navigates the current browser window to the provided ``url``.</doc>
<status status="NOT RUN" start="2025-01-10T23:35:21.813921" elapsed="0.000022"/>
</kw>
<kw name="Form Page Should Be Open">
<status status="NOT RUN" start="2025-01-10T23:35:21.814056" elapsed="0.000021"/>
</kw>
<status status="FAIL" start="2025-01-10T23:35:21.810128" elapsed="0.004030">NoSuchDriverException: Message: Unable to obtain driver for chrome; For documentation on this error, please visit: https://www.selenium.dev/documentation/webdriver/troubleshooting/errors/driver_location
</status>
</kw>
<kw name="Input Fname">
<arg>${fname}</arg>
<status status="NOT RUN" start="2025-01-10T23:35:21.814372" elapsed="0.000020"/>
</kw>
<kw name="Input Lname">
<arg>${lname}</arg>
<status status="NOT RUN" start="2025-01-10T23:35:21.814506" elapsed="0.000016"/>
</kw>
<kw name="Input Contact">
<arg>${contact}</arg>
<status status="NOT RUN" start="2025-01-10T23:35:21.814621" elapsed="0.000017"/>
</kw>
<kw name="Input Relationship">
<arg>${relationship}</arg>
<status status="NOT RUN" start="2025-01-10T23:35:21.814743" elapsed="0.000017"/>
</kw>
<kw name="Input Email">
<arg>${email}</arg>
<status status="NOT RUN" start="2025-01-10T23:35:21.814854" elapsed="0.000016"/>
</kw>
<kw name="Input Phone">
<arg>${phone}</arg>
<status status="NOT RUN" start="2025-01-10T23:35:21.814969" elapsed="0.000016"/>
</kw>
<kw name="Submit Form">
<status status="NOT RUN" start="2025-01-10T23:35:21.815092" elapsed="0.000015"/>
</kw>
<kw name="Wait Until Element Is Visible" owner="SeleniumLibrary">
<arg>xpath=//p[@id="errors"]</arg>
<arg>timeout=1</arg>
<doc>Waits until the element ``locator`` is visible.</doc>
<status status="NOT RUN" start="2025-01-10T23:35:21.815207" elapsed="0.000017"/>
</kw>
<kw name="Element Text Should Be" owner="SeleniumLibrary">
<arg>xpath=//p[@id="errors"]</arg>
<arg>Please enter your destination.</arg>
<doc>Verifies that element ``locator`` contains exact the text ``expected``.</doc>
<status status="NOT RUN" start="2025-01-10T23:35:21.815380" elapsed="0.000019"/>
</kw>
<kw name="Close Browser" owner="SeleniumLibrary">
<doc>Closes the current browser.</doc>
<status status="NOT RUN" start="2025-01-10T23:35:21.815494" elapsed="0.000015"/>
</kw>
<status status="FAIL" start="2025-01-10T23:35:21.809412" elapsed="0.006239">NoSuchDriverException: Message: Unable to obtain driver for chrome; For documentation on this error, please visit: https://www.selenium.dev/documentation/webdriver/troubleshooting/errors/driver_location
</status>
</test>
<test id="s1-t3" name="UAT-Lab7-0021: กรอกข้อมูลไม่ครบถ้วน" line="92">
<kw name="Open Browser To Form Page">
<kw name="Set Selenium Speed" owner="SeleniumLibrary">
<arg>${DELAY}</arg>
<doc>Sets the delay that is waited after each Selenium command.</doc>
<status status="PASS" start="2025-01-10T23:35:21.818150" elapsed="0.000266"/>
</kw>
<kw name="Evaluate" owner="BuiltIn">
<msg time="2025-01-10T23:35:21.818859" level="INFO">${chrome_options} = &lt;selenium.webdriver.chrome.options.Options object at 0x0000025815A111D0&gt;</msg>
<var>${chrome_options}</var>
<arg>sys.modules['selenium.webdriver'].ChromeOptions()</arg>
<arg>sys</arg>
<doc>Evaluates the given expression in Python and returns the result.</doc>
<status status="PASS" start="2025-01-10T23:35:21.818539" elapsed="0.000368"/>
</kw>
<kw name="Call Method" owner="BuiltIn">
<arg>${chrome_options}</arg>
<arg>add_argument</arg>
<arg>--no-sandbox</arg>
<doc>Calls the named method of the given object with the provided arguments.</doc>
<status status="PASS" start="2025-01-10T23:35:21.819264" elapsed="0.000208"/>
</kw>
<kw name="Set Variable" owner="BuiltIn">
<msg time="2025-01-10T23:35:21.819803" level="INFO">${chrome_options.binary_location} = D:\KKU College of Computing\Software Engineering\RobotTest\WebDemo-master-1\webdemo-master_653380347-4\login_tests\Chrome\chrome.exe</msg>
<var>${chrome_options.binary_location}</var>
<arg>${CHROME_BROWSER_PATH}</arg>
<doc>Returns the given values which can then be assigned to a variables.</doc>
<status status="PASS" start="2025-01-10T23:35:21.819585" elapsed="0.000248"/>
</kw>
<kw name="Evaluate" owner="BuiltIn">
<msg time="2025-01-10T23:35:21.820464" level="INFO">${service} = &lt;selenium.webdriver.chrome.service.Service object at 0x0000025815A10CD0&gt;</msg>
<var>${service}</var>
<arg>sys.modules["selenium.webdriver.chrome.service"].Service(executable_path=r"${CHROME_DRIVER_PATH}")</arg>
<doc>Evaluates the given expression in Python and returns the result.</doc>
<status status="PASS" start="2025-01-10T23:35:21.819930" elapsed="0.000563"/>
</kw>
<kw name="Create Webdriver" owner="SeleniumLibrary">
<msg time="2025-01-10T23:35:21.820784" level="INFO">Creating an instance of the Chrome WebDriver.</msg>
<msg time="2025-01-10T23:35:21.820979" level="INFO">Cannot capture screenshot because no browser is open.</msg>
<msg time="2025-01-10T23:35:21.821073" level="FAIL">NoSuchDriverException: Message: Unable to obtain driver for chrome; For documentation on this error, please visit: https://www.selenium.dev/documentation/webdriver/troubleshooting/errors/driver_location
</msg>
<arg>Chrome</arg>
<arg>options=${chrome_options}</arg>
<arg>service=${service}</arg>
<doc>Creates an instance of Selenium WebDriver.</doc>
<status status="FAIL" start="2025-01-10T23:35:21.820610" elapsed="0.001605">NoSuchDriverException: Message: Unable to obtain driver for chrome; For documentation on this error, please visit: https://www.selenium.dev/documentation/webdriver/troubleshooting/errors/driver_location
</status>
</kw>
<kw name="Go To" owner="SeleniumLibrary">
<arg>${FORMURL}</arg>
<doc>Navigates the current browser window to the provided ``url``.</doc>
<status status="NOT RUN" start="2025-01-10T23:35:21.822390" elapsed="0.000027"/>
</kw>
<kw name="Form Page Should Be Open">
<status status="NOT RUN" start="2025-01-10T23:35:21.822568" elapsed="0.000023"/>
</kw>
<status status="FAIL" start="2025-01-10T23:35:21.817569" elapsed="0.005128">NoSuchDriverException: Message: Unable to obtain driver for chrome; For documentation on this error, please visit: https://www.selenium.dev/documentation/webdriver/troubleshooting/errors/driver_location
</status>
</kw>
<kw name="Input Fname">
<arg>${fname}</arg>
<status status="NOT RUN" start="2025-01-10T23:35:21.822984" elapsed="0.000024"/>
</kw>
<kw name="Input Lname">
<arg>${lname}</arg>
<status status="NOT RUN" start="2025-01-10T23:35:21.823167" elapsed="0.000018"/>
</kw>
<kw name="Input Destination">
<arg>${destination}</arg>
<status status="NOT RUN" start="2025-01-10T23:35:21.823328" elapsed="0.000019"/>
</kw>
<kw name="Input Contact">
<arg>${contact}</arg>
<status status="NOT RUN" start="2025-01-10T23:35:21.823463" elapsed="0.000016"/>
</kw>
<kw name="Input Relationship">
<arg>${relationship}</arg>
<status status="NOT RUN" start="2025-01-10T23:35:21.823614" elapsed="0.000026"/>
</kw>
<kw name="Input Phone">
<arg>${phone}</arg>
<status status="NOT RUN" start="2025-01-10T23:35:21.823778" elapsed="0.000023"/>
</kw>
<kw name="Submit Form">
<status status="NOT RUN" start="2025-01-10T23:35:21.824018" elapsed="0.000030"/>
</kw>
<kw name="Wait Until Element Is Visible" owner="SeleniumLibrary">
<arg>xpath=//p[@id="errors"]</arg>
<arg>timeout=1</arg>
<doc>Waits until the element ``locator`` is visible.</doc>
<status status="NOT RUN" start="2025-01-10T23:35:21.824249" elapsed="0.000030"/>
</kw>
<kw name="Element Text Should Be" owner="SeleniumLibrary">
<arg>xpath=//p[@id="errors"]</arg>
<arg>Please enter a valid email address.</arg>
<doc>Verifies that element ``locator`` contains exact the text ``expected``.</doc>
<status status="NOT RUN" start="2025-01-10T23:35:21.824701" elapsed="0.000042"/>
</kw>
<kw name="Close Browser" owner="SeleniumLibrary">
<doc>Closes the current browser.</doc>
<status status="NOT RUN" start="2025-01-10T23:35:21.825128" elapsed="0.000036"/>
</kw>
<status status="FAIL" start="2025-01-10T23:35:21.816483" elapsed="0.008911">NoSuchDriverException: Message: Unable to obtain driver for chrome; For documentation on this error, please visit: https://www.selenium.dev/documentation/webdriver/troubleshooting/errors/driver_location
</status>
</test>
<test id="s1-t4" name="UAT-Lab7-0022: กรอกข้อมูลไม่ครบถ้วน" line="105">
<kw name="Open Browser To Form Page">
<kw name="Set Selenium Speed" owner="SeleniumLibrary">
<arg>${DELAY}</arg>
<doc>Sets the delay that is waited after each Selenium command.</doc>
<status status="PASS" start="2025-01-10T23:35:21.829139" elapsed="0.001424"/>
</kw>
<kw name="Evaluate" owner="BuiltIn">
<msg time="2025-01-10T23:35:21.831523" level="INFO">${chrome_options} = &lt;selenium.webdriver.chrome.options.Options object at 0x00000258159C5350&gt;</msg>
<var>${chrome_options}</var>
<arg>sys.modules['selenium.webdriver'].ChromeOptions()</arg>
<arg>sys</arg>
<doc>Evaluates the given expression in Python and returns the result.</doc>
<status status="PASS" start="2025-01-10T23:35:21.830968" elapsed="0.000619"/>
</kw>
<kw name="Call Method" owner="BuiltIn">
<arg>${chrome_options}</arg>
<arg>add_argument</arg>
<arg>--no-sandbox</arg>
<doc>Calls the named method of the given object with the provided arguments.</doc>
<status status="PASS" start="2025-01-10T23:35:21.831854" elapsed="0.000272"/>
</kw>
<kw name="Set Variable" owner="BuiltIn">
<msg time="2025-01-10T23:35:21.832629" level="INFO">${chrome_options.binary_location} = D:\KKU College of Computing\Software Engineering\RobotTest\WebDemo-master-1\webdemo-master_653380347-4\login_tests\Chrome\chrome.exe</msg>
<var>${chrome_options.binary_location}</var>
<arg>${CHROME_BROWSER_PATH}</arg>
<doc>Returns the given values which can then be assigned to a variables.</doc>
<status status="PASS" start="2025-01-10T23:35:21.832364" elapsed="0.000311"/>
</kw>
<kw name="Evaluate" owner="BuiltIn">
<msg time="2025-01-10T23:35:21.833476" level="INFO">${service} = &lt;selenium.webdriver.chrome.service.Service object at 0x00000258159C5480&gt;</msg>
<var>${service}</var>
<arg>sys.modules["selenium.webdriver.chrome.service"].Service(executable_path=r"${CHROME_DRIVER_PATH}")</arg>
<doc>Evaluates the given expression in Python and returns the result.</doc>
<status status="PASS" start="2025-01-10T23:35:21.832810" elapsed="0.000703"/>
</kw>
<kw name="Create Webdriver" owner="SeleniumLibrary">
<msg time="2025-01-10T23:35:21.833865" level="INFO">Creating an instance of the Chrome WebDriver.</msg>
<msg time="2025-01-10T23:35:21.834084" level="INFO">Cannot capture screenshot because no browser is open.</msg>
<msg time="2025-01-10T23:35:21.834181" level="FAIL">NoSuchDriverException: Message: Unable to obtain driver for chrome; For documentation on this error, please visit: https://www.selenium.dev/documentation/webdriver/troubleshooting/errors/driver_location
</msg>
<arg>Chrome</arg>
<arg>options=${chrome_options}</arg>
<arg>service=${service}</arg>
<doc>Creates an instance of Selenium WebDriver.</doc>
<status status="FAIL" start="2025-01-10T23:35:21.833650" elapsed="0.002050">NoSuchDriverException: Message: Unable to obtain driver for chrome; For documentation on this error, please visit: https://www.selenium.dev/documentation/webdriver/troubleshooting/errors/driver_location
</status>
</kw>
<kw name="Go To" owner="SeleniumLibrary">
<arg>${FORMURL}</arg>
<doc>Navigates the current browser window to the provided ``url``.</doc>
<status status="NOT RUN" start="2025-01-10T23:35:21.836001" elapsed="0.000045"/>
</kw>
<kw name="Form Page Should Be Open">
<status status="NOT RUN" start="2025-01-10T23:35:21.836264" elapsed="0.000033"/>
</kw>
<status status="FAIL" start="2025-01-10T23:35:21.827977" elapsed="0.008505">NoSuchDriverException: Message: Unable to obtain driver for chrome; For documentation on this error, please visit: https://www.selenium.dev/documentation/webdriver/troubleshooting/errors/driver_location
</status>
</kw>
<kw name="Input Fname">
<arg>${fname}</arg>
<status status="NOT RUN" start="2025-01-10T23:35:21.838160" elapsed="0.000067"/>
</kw>
<kw name="Input Lname">
<arg>${lname}</arg>
<status status="NOT RUN" start="2025-01-10T23:35:21.838518" elapsed="0.000028"/>
</kw>
<kw name="Input Destination">
<arg>${destination}</arg>
<status status="NOT RUN" start="2025-01-10T23:35:21.838756" elapsed="0.000038"/>
</kw>
<kw name="Input Contact">
<arg>${contact}</arg>
<status status="NOT RUN" start="2025-01-10T23:35:21.839091" elapsed="0.000031"/>
</kw>
<kw name="Input Relationship">
<arg>${relationship}</arg>
<status status="NOT RUN" start="2025-01-10T23:35:21.839264" elapsed="0.000018"/>
</kw>
<kw name="Input Email">
<arg>somsong@</arg>
<status status="NOT RUN" start="2025-01-10T23:35:21.839401" elapsed="0.000017"/>
</kw>
<kw name="Input Phone">
<arg>${phone}</arg>
<status status="NOT RUN" start="2025-01-10T23:35:21.839544" elapsed="0.000019"/>
</kw>
<kw name="Submit Form">
<status status="NOT RUN" start="2025-01-10T23:35:21.839676" elapsed="0.000016"/>
</kw>
<kw name="Wait Until Element Is Visible" owner="SeleniumLibrary">
<arg>xpath=//p[@id="errors"]</arg>
<arg>timeout=1</arg>
<doc>Waits until the element ``locator`` is visible.</doc>
<status status="NOT RUN" start="2025-01-10T23:35:21.839904" elapsed="0.000024"/>
</kw>
<kw name="Element Text Should Be" owner="SeleniumLibrary">
<arg>xpath=//p[@id="errors"]</arg>
<arg>Please enter a valid email address.</arg>
<doc>Verifies that element ``locator`` contains exact the text ``expected``.</doc>
<status status="NOT RUN" start="2025-01-10T23:35:21.840227" elapsed="0.000027"/>
</kw>
<kw name="Close Browser" owner="SeleniumLibrary">
<doc>Closes the current browser.</doc>
<status status="NOT RUN" start="2025-01-10T23:35:21.840523" elapsed="0.000024"/>
</kw>
<status status="FAIL" start="2025-01-10T23:35:21.826182" elapsed="0.014671">NoSuchDriverException: Message: Unable to obtain driver for chrome; For documentation on this error, please visit: https://www.selenium.dev/documentation/webdriver/troubleshooting/errors/driver_location
</status>
</test>
<test id="s1-t5" name="UAT-Lab7-0023: กรอกข้อมูลไม่ครบถ้วน" line="119">
<kw name="Open Browser To Form Page">
<kw name="Set Selenium Speed" owner="SeleniumLibrary">
<arg>${DELAY}</arg>
<doc>Sets the delay that is waited after each Selenium command.</doc>
<status status="PASS" start="2025-01-10T23:35:21.843227" elapsed="0.000165"/>
</kw>
<kw name="Evaluate" owner="BuiltIn">
<msg time="2025-01-10T23:35:21.843698" level="INFO">${chrome_options} = &lt;selenium.webdriver.chrome.options.Options object at 0x00000258159C6EA0&gt;</msg>
<var>${chrome_options}</var>
<arg>sys.modules['selenium.webdriver'].ChromeOptions()</arg>
<arg>sys</arg>
<doc>Evaluates the given expression in Python and returns the result.</doc>
<status status="PASS" start="2025-01-10T23:35:21.843487" elapsed="0.000241"/>
</kw>
<kw name="Call Method" owner="BuiltIn">
<arg>${chrome_options}</arg>
<arg>add_argument</arg>
<arg>--no-sandbox</arg>
<doc>Calls the named method of the given object with the provided arguments.</doc>
<status status="PASS" start="2025-01-10T23:35:21.843799" elapsed="0.000081"/>
</kw>
<kw name="Set Variable" owner="BuiltIn">
<msg time="2025-01-10T23:35:21.844057" level="INFO">${chrome_options.binary_location} = D:\KKU College of Computing\Software Engineering\RobotTest\WebDemo-master-1\webdemo-master_653380347-4\login_tests\Chrome\chrome.exe</msg>
<var>${chrome_options.binary_location}</var>
<arg>${CHROME_BROWSER_PATH}</arg>
<doc>Returns the given values which can then be assigned to a variables.</doc>
<status status="PASS" start="2025-01-10T23:35:21.843941" elapsed="0.000135"/>
</kw>
<kw name="Evaluate" owner="BuiltIn">
<msg time="2025-01-10T23:35:21.844804" level="INFO">${service} = &lt;selenium.webdriver.chrome.service.Service object at 0x00000258159C6FD0&gt;</msg>
<var>${service}</var>
<arg>sys.modules["selenium.webdriver.chrome.service"].Service(executable_path=r"${CHROME_DRIVER_PATH}")</arg>
<doc>Evaluates the given expression in Python and returns the result.</doc>
<status status="PASS" start="2025-01-10T23:35:21.844236" elapsed="0.000603"/>
</kw>
<kw name="Create Webdriver" owner="SeleniumLibrary">
<msg time="2025-01-10T23:35:21.845074" level="INFO">Creating an instance of the Chrome WebDriver.</msg>
<msg time="2025-01-10T23:35:21.845212" level="INFO">Cannot capture screenshot because no browser is open.</msg>
<msg time="2025-01-10T23:35:21.845274" level="FAIL">NoSuchDriverException: Message: Unable to obtain driver for chrome; For documentation on this error, please visit: https://www.selenium.dev/documentation/webdriver/troubleshooting/errors/driver_location
</msg>
<arg>Chrome</arg>
<arg>options=${chrome_options}</arg>
<arg>service=${service}</arg>
<doc>Creates an instance of Selenium WebDriver.</doc>
<status status="FAIL" start="2025-01-10T23:35:21.844932" elapsed="0.001255">NoSuchDriverException: Message: Unable to obtain driver for chrome; For documentation on this error, please visit: https://www.selenium.dev/documentation/webdriver/troubleshooting/errors/driver_location
</status>
</kw>
<kw name="Go To" owner="SeleniumLibrary">
<arg>${FORMURL}</arg>
<doc>Navigates the current browser window to the provided ``url``.</doc>
<status status="NOT RUN" start="2025-01-10T23:35:21.846285" elapsed="0.000019"/>
</kw>
<kw name="Form Page Should Be Open">
<status status="NOT RUN" start="2025-01-10T23:35:21.846398" elapsed="0.000017"/>
</kw>
<status status="FAIL" start="2025-01-10T23:35:21.842997" elapsed="0.003485">NoSuchDriverException: Message: Unable to obtain driver for chrome; For documentation on this error, please visit: https://www.selenium.dev/documentation/webdriver/troubleshooting/errors/driver_location
</status>
</kw>
<kw name="Input Fname">
<arg>${fname}</arg>
<status status="NOT RUN" start="2025-01-10T23:35:21.846810" elapsed="0.000032"/>
</kw>
<kw name="Input Lname">
<arg>${lname}</arg>
<status status="NOT RUN" start="2025-01-10T23:35:21.847074" elapsed="0.000022"/>
</kw>
<kw name="Input Destination">
<arg>${destination}</arg>
<status status="NOT RUN" start="2025-01-10T23:35:21.847338" elapsed="0.000022"/>
</kw>
<kw name="Input Contact">
<arg>${contact}</arg>
<status status="NOT RUN" start="2025-01-10T23:35:21.847530" elapsed="0.000017"/>
</kw>
<kw name="Input Relationship">
<arg>${relationship}</arg>
<status status="NOT RUN" start="2025-01-10T23:35:21.847768" elapsed="0.000031"/>
</kw>
<kw name="Input Email">
<arg>${email}</arg>
<status status="NOT RUN" start="2025-01-10T23:35:21.848041" elapsed="0.000022"/>
</kw>
<kw name="Submit Form">
<status status="NOT RUN" start="2025-01-10T23:35:21.848310" elapsed="0.000022"/>
</kw>
<kw name="Wait Until Element Is Visible" owner="SeleniumLibrary">
<arg>xpath=//p[@id="errors"]</arg>
<arg>timeout=1</arg>
<doc>Waits until the element ``locator`` is visible.</doc>
<status status="NOT RUN" start="2025-01-10T23:35:21.848550" elapsed="0.000024"/>
</kw>
<kw name="Element Text Should Be" owner="SeleniumLibrary">
<arg>xpath=//p[@id="errors"]</arg>
<arg>Please enter a phone number.</arg>
<doc>Verifies that element ``locator`` contains exact the text ``expected``.</doc>
<status status="NOT RUN" start="2025-01-10T23:35:21.849080" elapsed="0.000022"/>
</kw>
<kw name="Close Browser" owner="SeleniumLibrary">
<doc>Closes the current browser.</doc>
<status status="NOT RUN" start="2025-01-10T23:35:21.849318" elapsed="0.000024"/>
</kw>
<status status="FAIL" start="2025-01-10T23:35:21.841932" elapsed="0.007683">NoSuchDriverException: Message: Unable to obtain driver for chrome; For documentation on this error, please visit: https://www.selenium.dev/documentation/webdriver/troubleshooting/errors/driver_location
</status>
</test>
<test id="s1-t6" name="UAT-Lab7-0024: กรอกข้อมูลไม่ครบถ้วน" line="132">
<kw name="Open Browser To Form Page">
<kw name="Set Selenium Speed" owner="SeleniumLibrary">
<arg>${DELAY}</arg>
<doc>Sets the delay that is waited after each Selenium command.</doc>
<status status="PASS" start="2025-01-10T23:35:21.852020" elapsed="0.000174"/>
</kw>
<kw name="Evaluate" owner="BuiltIn">
<msg time="2025-01-10T23:35:21.852541" level="INFO">${chrome_options} = &lt;selenium.webdriver.chrome.options.Options object at 0x0000025815AC4830&gt;</msg>
<var>${chrome_options}</var>
<arg>sys.modules['selenium.webdriver'].ChromeOptions()</arg>
<arg>sys</arg>
<doc>Evaluates the given expression in Python and returns the result.</doc>
<status status="PASS" start="2025-01-10T23:35:21.852276" elapsed="0.000298"/>
</kw>
<kw name="Call Method" owner="BuiltIn">
<arg>${chrome_options}</arg>
<arg>add_argument</arg>
<arg>--no-sandbox</arg>
<doc>Calls the named method of the given object with the provided arguments.</doc>
<status status="PASS" start="2025-01-10T23:35:21.852699" elapsed="0.000140"/>
</kw>
<kw name="Set Variable" owner="BuiltIn">
<msg time="2025-01-10T23:35:21.853046" level="INFO">${chrome_options.binary_location} = D:\KKU College of Computing\Software Engineering\RobotTest\WebDemo-master-1\webdemo-master_653380347-4\login_tests\Chrome\chrome.exe</msg>
<var>${chrome_options.binary_location}</var>
<arg>${CHROME_BROWSER_PATH}</arg>
<doc>Returns the given values which can then be assigned to a variables.</doc>
<status status="PASS" start="2025-01-10T23:35:21.852919" elapsed="0.000146"/>
</kw>
<kw name="Evaluate" owner="BuiltIn">
<msg time="2025-01-10T23:35:21.853651" level="INFO">${service} = &lt;selenium.webdriver.chrome.service.Service object at 0x0000025815AC4950&gt;</msg>
<var>${service}</var>
<arg>sys.modules["selenium.webdriver.chrome.service"].Service(executable_path=r"${CHROME_DRIVER_PATH}")</arg>
<doc>Evaluates the given expression in Python and returns the result.</doc>
<status status="PASS" start="2025-01-10T23:35:21.853131" elapsed="0.000547"/>
</kw>
<kw name="Create Webdriver" owner="SeleniumLibrary">
<msg time="2025-01-10T23:35:21.853999" level="INFO">Creating an instance of the Chrome WebDriver.</msg>
<msg time="2025-01-10T23:35:21.854193" level="INFO">Cannot capture screenshot because no browser is open.</msg>
<msg time="2025-01-10T23:35:21.854269" level="FAIL">NoSuchDriverException: Message: Unable to obtain driver for chrome; For documentation on this error, please visit: https://www.selenium.dev/documentation/webdriver/troubleshooting/errors/driver_location
</msg>
<arg>Chrome</arg>
<arg>options=${chrome_options}</arg>
<arg>service=${service}</arg>
<doc>Creates an instance of Selenium WebDriver.</doc>
<status status="FAIL" start="2025-01-10T23:35:21.853811" elapsed="0.001482">NoSuchDriverException: Message: Unable to obtain driver for chrome; For documentation on this error, please visit: https://www.selenium.dev/documentation/webdriver/troubleshooting/errors/driver_location
</status>
</kw>
<kw name="Go To" owner="SeleniumLibrary">
<arg>${FORMURL}</arg>
<doc>Navigates the current browser window to the provided ``url``.</doc>
<status status="NOT RUN" start="2025-01-10T23:35:21.855430" elapsed="0.000023"/>
</kw>
<kw name="Form Page Should Be Open">
<status status="NOT RUN" start="2025-01-10T23:35:21.855576" elapsed="0.000020"/>
</kw>
<status status="FAIL" start="2025-01-10T23:35:21.851766" elapsed="0.003903">NoSuchDriverException: Message: Unable to obtain driver for chrome; For documentation on this error, please visit: https://www.selenium.dev/documentation/webdriver/troubleshooting/errors/driver_location
</status>
</kw>
<kw name="Input Fname">
<arg>${fname}</arg>
<status status="NOT RUN" start="2025-01-10T23:35:21.855871" elapsed="0.000019"/>
</kw>
<kw name="Input Lname">
<arg>${lname}</arg>
<status status="NOT RUN" start="2025-01-10T23:35:21.856007" elapsed="0.000016"/>
</kw>
<kw name="Input Destination">
<arg>${destination}</arg>
<status status="NOT RUN" start="2025-01-10T23:35:21.856289" elapsed="0.000028"/>
</kw>
<kw name="Input Contact">
<arg>${contact}</arg>
<status status="NOT RUN" start="2025-01-10T23:35:21.856533" elapsed="0.000027"/>
</kw>
<kw name="Input Relationship">
<arg>${relationship}</arg>
<status status="NOT RUN" start="2025-01-10T23:35:21.856838" elapsed="0.000050"/>
</kw>
<kw name="Input Email">
<arg>${email}</arg>
<status status="NOT RUN" start="2025-01-10T23:35:21.857104" elapsed="0.000034"/>
</kw>
<kw name="Input Phone">
<arg>191</arg>
<status status="NOT RUN" start="2025-01-10T23:35:21.857324" elapsed="0.000023"/>
</kw>
<kw name="Submit Form">
<status status="NOT RUN" start="2025-01-10T23:35:21.857515" elapsed="0.000021"/>
</kw>
<kw name="Wait Until Element Is Visible" owner="SeleniumLibrary">
<arg>xpath=//p[@id="errors"]</arg>
<arg>timeout=1</arg>
<doc>Waits until the element ``locator`` is visible.</doc>
<status status="NOT RUN" start="2025-01-10T23:35:21.858019" elapsed="0.000035"/>
</kw>
<kw name="Element Text Should Be" owner="SeleniumLibrary">
<arg>xpath=//p[@id="errors"]</arg>
<arg>Please enter a valid phone number, e.g., 081-234-5678, 081 234 5678, or 081.234.5678)</arg>
<doc>Verifies that element ``locator`` contains exact the text ``expected``.</doc>
<status status="NOT RUN" start="2025-01-10T23:35:21.858846" elapsed="0.000026"/>
</kw>
<kw name="Close Browser" owner="SeleniumLibrary">
<doc>Closes the current browser.</doc>
<status status="NOT RUN" start="2025-01-10T23:35:21.859028" elapsed="0.000022"/>
</kw>
<status status="FAIL" start="2025-01-10T23:35:21.850808" elapsed="0.008630">NoSuchDriverException: Message: Unable to obtain driver for chrome; For documentation on this error, please visit: https://www.selenium.dev/documentation/webdriver/troubleshooting/errors/driver_location
</status>
</test>
<status status="FAIL" start="2025-01-10T23:35:21.431419" elapsed="0.428999"/>
</suite>
<statistics>
<total>
<stat pass="0" fail="6" skip="0">All Tests</stat>
</total>
<tag>
</tag>
<suite>
<stat pass="0" fail="6" skip="0" id="s1" name="Lab7v">Lab7v</stat>
</suite>
</statistics>
<errors>
</errors>
</robot>
